<?xml version="1.0" encoding="UTF-8"?>
<testsuite xmlns:xsi="http://www.w3.org/2001/XMLSchema-instance" xsi:noNamespaceSchemaLocation="https://maven.apache.org/surefire/maven-surefire-plugin/xsd/surefire-test-report-3.0.xsd" version="3.0" name="com.bt.codecoverage.CodeCoverageCheckTest" time="1.013" tests="3" errors="0" skipped="0" failures="0">
  <properties>
[...]
</properties>
  <testcase name="isNotPlaindromeTest" classname="com.bt.codecoverage.CodeCoverageCheckTest" time="0.76"/>
  <testcase name="isNotPlaindromeExceptionTest" classname="com.bt.codecoverage.CodeCoverageCheckTest" time="0.012"/>
  <testcase name="isPlaindromeTest" classname="com.bt.codecoverage.CodeCoverageCheckTest" time="0.003"/>
</testsuite>